<?xml version="1.0" encoding="UTF-8"?>
<testsuite xmlns:xsi="http://www.w3.org/2001/XMLSchema-instance" xsi:noNamespaceSchemaLocation="https://maven.apache.org/surefire/maven-surefire-plugin/xsd/surefire-test-report-3.0.xsd" version="3.0" name="com.example.Easy.Services.NewsServiceTest" time="0.676" tests="8" errors="0" skipped="0" failures="0">
  <properties>
[...]
</properties>
  <testcase name="bootstrap" classname="com.example.Easy.Services.NewsServiceTest" time="0.226">
    <system-out><![CDATA[2023-08-29T17:37:26.487+03:00  INFO 18224 --- [           main] t.c.s.AnnotationConfigContextLoaderUtils : Could not detect default configuration classes for test class [com.example.Easy.Services.NewsServiceTest]: NewsServiceTest does not declare any static, non-private, non-final, nested classes annotated with @Configuration.
2023-08-29T17:37:26.489+03:00  INFO 18224 --- [           main] .b.t.c.SpringBootTestContextBootstrapper : Found @SpringBootConfiguration com.example.Easy.EasyApplication for test class com.example.Easy.Services.NewsServiceTest
]]></system-out>
  </testcase>
  <testcase name="getByNewsId" classname="com.example.Easy.Services.NewsServiceTest" time="0.109">
    <system-out><![CDATA[NewsDTO(newsUUID=01ace8e6-b8dc-4bcb-8309-46a855477e48, title=test9, text=bootstrap9, image=https://www.google.com/search?q=machine+learning&sca_esv=559361602&tbm=isch&source=lnms&sa=X&ved=2ahUKEwiC5--r-PKAAxVSYPEDHVsTCq4Q_AUoAnoECAIQBA&biw=1728&bih=931&dpr=2#imgrc=MljwM1234Xl_pM, author=com.example.Easy.Entities.UserEntity@1ca876b7, creationTime=2023-08-29T13:17:11.914585, category=null, comments=[])
]]></system-out>
  </testcase>
  <testcase name="getByAuthorId" classname="com.example.Easy.Services.NewsServiceTest" time="0.003"/>
  <testcase name="postTest" classname="com.example.Easy.Services.NewsServiceTest" time="0.145"/>
  <testcase name="getByCategoryTest" classname="com.example.Easy.Services.NewsServiceTest" time="0.071">
    <system-out><![CDATA[[NewsDTO(newsUUID=288e7a95-36b7-4059-aa98-bf966755f0ed, title=test4, text=Quisque egestas vulputate enim, non pharetra orci pulvinar vitae. Mauris nibh justo, laoreet eget porttitor a, blandit vel justo., image=https://media.geeksforgeeks.org/wp-content/cdn-uploads/20221222184908/web-development1.png, author=com.example.Easy.Entities.UserEntity@19cb3f, creationTime=2000-05-10T15:48, category=cat2, comments=[]), NewsDTO(newsUUID=957701b3-9307-4c26-a3f6-0f027c14e5e8, title=test4, text=Quisque egestas vulputate enim, non pharetra orci pulvinar vitae. Mauris nibh justo, laoreet eget porttitor a, blandit vel justo., image=https://media.geeksforgeeks.org/wp-content/cdn-uploads/20221222184908/web-development1.png, author=com.example.Easy.Entities.UserEntity@19cb3f, creationTime=2000-05-10T15:48, category=cat2, comments=[]), NewsDTO(newsUUID=9f2b14c3-d3ce-41eb-ae85-6cc61a84ac2b, title=test1, text=Lorem ipsum dolor sit amet, consectetur adipiscing elit. Nam eget quam eu massa ultrices scelerisque. Quisque et erat lacinia, cursus tellus et, dignissim est., image=https://miro.medium.com/v2/resize:fit:1358/1*cG6U1qstYDijh9bPL42e-Q.jpeg, author=com.example.Easy.Entities.UserEntity@6bbb3ec8, creationTime=2023-08-29T11:49:30.830980, category=cat2, comments=[]), NewsDTO(newsUUID=a2522585-e570-48ff-8957-9e54834bce8b, title=test4, text=Quisque egestas vulputate enim, non pharetra orci pulvinar vitae. Mauris nibh justo, laoreet eget porttitor a, blandit vel justo., image=https://media.geeksforgeeks.org/wp-content/cdn-uploads/20221222184908/web-development1.png, author=com.example.Easy.Entities.UserEntity@19cb3f, creationTime=2000-05-10T15:48, category=cat2, comments=[]), NewsDTO(newsUUID=a496ba32-aa7d-4727-861e-1ed0ebc1fb89, title=test1, text=Lorem ipsum dolor sit amet, consectetur adipiscing elit. Nam eget quam eu massa ultrices scelerisque. Quisque et erat lacinia, cursus tellus et, dignissim est., image=https://miro.medium.com/v2/resize:fit:1358/1*cG6U1qstYDijh9bPL42e-Q.jpeg, author=com.example.Easy.Entities.UserEntity@71b38b11, creationTime=2023-08-29T11:46:48.885695, category=cat2, comments=[]), NewsDTO(newsUUID=afef1c1d-fdb6-43ce-9f31-0f90f92d8429, title=test1, text=Lorem ipsum dolor sit amet, consectetur adipiscing elit. Nam eget quam eu massa ultrices scelerisque. Quisque et erat lacinia, cursus tellus et, dignissim est., image=https://miro.medium.com/v2/resize:fit:1358/1*cG6U1qstYDijh9bPL42e-Q.jpeg, author=com.example.Easy.Entities.UserEntity@6bbb3ec8, creationTime=2023-08-29T11:55:54.548660, category=cat2, comments=[]), NewsDTO(newsUUID=c4ae1491-f2c5-4a53-af32-463247674574, title=test1, text=Lorem ipsum dolor sit amet, consectetur adipiscing elit. Nam eget quam eu massa ultrices scelerisque. Quisque et erat lacinia, cursus tellus et, dignissim est., image=https://miro.medium.com/v2/resize:fit:1358/1*cG6U1qstYDijh9bPL42e-Q.jpeg, author=com.example.Easy.Entities.UserEntity@71b38b11, creationTime=2023-08-29T11:44:03.111990, category=cat2, comments=[]), NewsDTO(newsUUID=cbcd045a-d743-4b3e-b5d9-897e2be65e2d, title=test4, text=Quisque egestas vulputate enim, non pharetra orci pulvinar vitae. Mauris nibh justo, laoreet eget porttitor a, blandit vel justo., image=https://media.geeksforgeeks.org/wp-content/cdn-uploads/20221222184908/web-development1.png, author=com.example.Easy.Entities.UserEntity@19cb3f, creationTime=2000-05-10T15:48, category=cat2, comments=[]), NewsDTO(newsUUID=d3d87345-75c3-4e09-a69f-8c1dc8b7ab9d, title=test4, text=Quisque egestas vulputate enim, non pharetra orci pulvinar vitae. Mauris nibh justo, laoreet eget porttitor a, blandit vel justo., image=https://media.geeksforgeeks.org/wp-content/cdn-uploads/20221222184908/web-development1.png, author=com.example.Easy.Entities.UserEntity@19cb3f, creationTime=2000-05-10T15:48, category=cat2, comments=[]), NewsDTO(newsUUID=df6860fc-f60f-4ba1-8ab2-c638747822e6, title=test4, text=Quisque egestas vulputate enim, non pharetra orci pulvinar vitae. Mauris nibh justo, laoreet eget porttitor a, blandit vel justo., image=https://media.geeksforgeeks.org/wp-content/cdn-uploads/20221222184908/web-development1.png, author=com.example.Easy.Entities.UserEntity@19cb3f, creationTime=2000-05-10T15:48, category=cat2, comments=[]), NewsDTO(newsUUID=f97fae10-1913-44cd-b9a1-44733ca3c774, title=test1, text=Lorem ipsum dolor sit amet, consectetur adipiscing elit. Nam eget quam eu massa ultrices scelerisque. Quisque et erat lacinia, cursus tellus et, dignissim est., image=https://miro.medium.com/v2/resize:fit:1358/1*cG6U1qstYDijh9bPL42e-Q.jpeg, author=com.example.Easy.Entities.UserEntity@6bbb3ec8, creationTime=2023-08-29T13:17:11.754533, category=cat2, comments=[])]
]]></system-out>
  </testcase>
  <testcase name="getByTitleTest" classname="com.example.Easy.Services.NewsServiceTest" time="0.025">
    <system-out><![CDATA[[NewsDTO(newsUUID=100aedc0-32d9-4035-bcff-2e2646ddff69, title=test2, text=Mauris turpis justo, posuere eu imperdiet eu, porta a risus. Nulla maximus mi nec mi lacinia iaculis. Donec viverra in libero a consectetur., image=https://www.mtu.edu/cs/undergraduate/software/what/images/software-engineering-banner2400.jpg, author=com.example.Easy.Entities.UserEntity@23ac164d, creationTime=1990-05-22T11:11, category=cat5, comments=[]), NewsDTO(newsUUID=302b132f-8e6d-4ad3-9dd9-b822be54ef26, title=test2, text=Mauris turpis justo, posuere eu imperdiet eu, porta a risus. Nulla maximus mi nec mi lacinia iaculis. Donec viverra in libero a consectetur., image=https://www.mtu.edu/cs/undergraduate/software/what/images/software-engineering-banner2400.jpg, author=com.example.Easy.Entities.UserEntity@23ac164d, creationTime=1990-05-22T11:11, category=sub2, comments=[]), NewsDTO(newsUUID=323c5c67-1d3e-4aba-b7aa-8576855ae07e, title=test2, text=Mauris turpis justo, posuere eu imperdiet eu, porta a risus. Nulla maximus mi nec mi lacinia iaculis. Donec viverra in libero a consectetur., image=https://www.mtu.edu/cs/undergraduate/software/what/images/software-engineering-banner2400.jpg, author=com.example.Easy.Entities.UserEntity@23ac164d, creationTime=1990-05-22T11:11, category=cat5, comments=[]), NewsDTO(newsUUID=33ff4f3e-3f58-4a1f-b392-515ededd3e62, title=test2, text=Mauris turpis justo, posuere eu imperdiet eu, porta a risus. Nulla maximus mi nec mi lacinia iaculis. Donec viverra in libero a consectetur., image=https://www.mtu.edu/cs/undergraduate/software/what/images/software-engineering-banner2400.jpg, author=com.example.Easy.Entities.UserEntity@23ac164d, creationTime=1990-05-22T11:11, category=cat5, comments=[]), NewsDTO(newsUUID=352df071-b4bc-4d0c-8885-6bab93622391, title=test2, text=Mauris turpis justo, posuere eu imperdiet eu, porta a risus. Nulla maximus mi nec mi lacinia iaculis. Donec viverra in libero a consectetur., image=https://www.mtu.edu/cs/undergraduate/software/what/images/software-engineering-banner2400.jpg, author=com.example.Easy.Entities.UserEntity@63a6dffd, creationTime=1990-05-22T11:11, category=sub2, comments=[]), NewsDTO(newsUUID=68b59a93-ecc0-4f32-acc6-23da803d9bfb, title=test2, text=Mauris turpis justo, posuere eu imperdiet eu, porta a risus. Nulla maximus mi nec mi lacinia iaculis. Donec viverra in libero a consectetur., image=https://www.mtu.edu/cs/undergraduate/software/what/images/software-engineering-banner2400.jpg, author=com.example.Easy.Entities.UserEntity@23ac164d, creationTime=1990-05-22T11:11, category=cat5, comments=[]), NewsDTO(newsUUID=6d77db61-de22-407f-b46c-93b66dabbbdb, title=test2, text=Mauris turpis justo, posuere eu imperdiet eu, porta a risus. Nulla maximus mi nec mi lacinia iaculis. Donec viverra in libero a consectetur., image=https://www.mtu.edu/cs/undergraduate/software/what/images/software-engineering-banner2400.jpg, author=com.example.Easy.Entities.UserEntity@63a6dffd, creationTime=1990-05-22T11:11, category=sub2, comments=[]), NewsDTO(newsUUID=ba329d79-5ceb-4f06-b1f3-96662a18db88, title=test2, text=Mauris turpis justo, posuere eu imperdiet eu, porta a risus. Nulla maximus mi nec mi lacinia iaculis. Donec viverra in libero a consectetur., image=https://www.mtu.edu/cs/undergraduate/software/what/images/software-engineering-banner2400.jpg, author=com.example.Easy.Entities.UserEntity@23ac164d, creationTime=1990-05-22T11:11, category=sub2, comments=[]), NewsDTO(newsUUID=bf285f73-26a4-41ee-b161-afa8c33d35d4, title=test2, text=Mauris turpis justo, posuere eu imperdiet eu, porta a risus. Nulla maximus mi nec mi lacinia iaculis. Donec viverra in libero a consectetur., image=https://www.mtu.edu/cs/undergraduate/software/what/images/software-engineering-banner2400.jpg, author=com.example.Easy.Entities.UserEntity@23ac164d, creationTime=1990-05-22T11:11, category=cat5, comments=[]), NewsDTO(newsUUID=cdb6a84d-1d51-442b-a655-c5455578642f, title=test2, text=Mauris turpis justo, posuere eu imperdiet eu, porta a risus. Nulla maximus mi nec mi lacinia iaculis. Donec viverra in libero a consectetur., image=https://www.mtu.edu/cs/undergraduate/software/what/images/software-engineering-banner2400.jpg, author=com.example.Easy.Entities.UserEntity@23ac164d, creationTime=1990-05-22T11:11, category=cat5, comments=[]), NewsDTO(newsUUID=fa145f26-8dad-49d9-9dc9-856036697c86, title=test2, text=Mauris turpis justo, posuere eu imperdiet eu, porta a risus. Nulla maximus mi nec mi lacinia iaculis. Donec viverra in libero a consectetur., image=https://www.mtu.edu/cs/undergraduate/software/what/images/software-engineering-banner2400.jpg, author=com.example.Easy.Entities.UserEntity@23ac164d, creationTime=1990-05-22T11:11, category=sub2, comments=[])]
]]></system-out>
  </testcase>
  <testcase name="listNews" classname="com.example.Easy.Services.NewsServiceTest" time="0.071">
    <system-out><![CDATA[[NewsDTO(newsUUID=01ace8e6-b8dc-4bcb-8309-46a855477e48, title=test9, text=bootstrap9, image=https://www.google.com/search?q=machine+learning&sca_esv=559361602&tbm=isch&source=lnms&sa=X&ved=2ahUKEwiC5--r-PKAAxVSYPEDHVsTCq4Q_AUoAnoECAIQBA&biw=1728&bih=931&dpr=2#imgrc=MljwM1234Xl_pM, author=com.example.Easy.Entities.UserEntity@43e55cfb, creationTime=2023-08-29T13:17:11.914585, category=null, comments=[]), NewsDTO(newsUUID=0dd66752-4a28-4b60-a289-b115096454ca, title=test3, text=vulputate ac egestas mollis, fringilla vel est. Donec sit amet nibh nisi. In ac sem ac dui pretium vulputate eu ac ligula. , image=https://d1m75rqqgidzqn.cloudfront.net/wp-data/2019/09/11134058/What-is-data-science-2.jpg, author=com.example.Easy.Entities.UserEntity@62a07c01, creationTime=1000-08-12T20:10, category=cat5, comments=[]), NewsDTO(newsUUID=0e0d4fed-9b69-4537-acb1-85969faea519, title=test9, text=bootstrap9, image=https://www.google.com/search?q=machine+learning&sca_esv=559361602&tbm=isch&source=lnms&sa=X&ved=2ahUKEwiC5--r-PKAAxVSYPEDHVsTCq4Q_AUoAnoECAIQBA&biw=1728&bih=931&dpr=2#imgrc=MljwM1234Xl_pM, author=com.example.Easy.Entities.UserEntity@62a07c01, creationTime=2023-08-29T13:55:07.655996, category=null, comments=[]), NewsDTO(newsUUID=100aedc0-32d9-4035-bcff-2e2646ddff69, title=test2, text=Mauris turpis justo, posuere eu imperdiet eu, porta a risus. Nulla maximus mi nec mi lacinia iaculis. Donec viverra in libero a consectetur., image=https://www.mtu.edu/cs/undergraduate/software/what/images/software-engineering-banner2400.jpg, author=com.example.Easy.Entities.UserEntity@537979aa, creationTime=1990-05-22T11:11, category=cat5, comments=[]), NewsDTO(newsUUID=12b345ed-f973-4b7d-8658-59aa2eae1638, title=test9, text=bootstrap9, image=https://www.google.com/search?q=machine+learning&sca_esv=559361602&tbm=isch&source=lnms&sa=X&ved=2ahUKEwiC5--r-PKAAxVSYPEDHVsTCq4Q_AUoAnoECAIQBA&biw=1728&bih=931&dpr=2#imgrc=MljwM1234Xl_pM, author=com.example.Easy.Entities.UserEntity@43e55cfb, creationTime=2023-08-29T11:55:54.680032, category=null, comments=[]), NewsDTO(newsUUID=22697381-f10a-46b3-af11-347c6a76faed, title=test3, text=vulputate ac egestas mollis, fringilla vel est. Donec sit amet nibh nisi. In ac sem ac dui pretium vulputate eu ac ligula. , image=https://d1m75rqqgidzqn.cloudfront.net/wp-data/2019/09/11134058/What-is-data-science-2.jpg, author=com.example.Easy.Entities.UserEntity@43e55cfb, creationTime=1000-08-12T20:10, category=sub2, comments=[]), NewsDTO(newsUUID=288e7a95-36b7-4059-aa98-bf966755f0ed, title=test4, text=Quisque egestas vulputate enim, non pharetra orci pulvinar vitae. Mauris nibh justo, laoreet eget porttitor a, blandit vel justo., image=https://media.geeksforgeeks.org/wp-content/cdn-uploads/20221222184908/web-development1.png, author=com.example.Easy.Entities.UserEntity@62a07c01, creationTime=2000-05-10T15:48, category=cat2, comments=[]), NewsDTO(newsUUID=2c3cfd12-3f70-4e36-9554-5c0bb1cfc4c7, title=test9, text=bootstrap9, image=https://www.google.com/search?q=machine+learning&sca_esv=559361602&tbm=isch&source=lnms&sa=X&ved=2ahUKEwiC5--r-PKAAxVSYPEDHVsTCq4Q_AUoAnoECAIQBA&biw=1728&bih=931&dpr=2#imgrc=MljwM1234Xl_pM, author=com.example.Easy.Entities.UserEntity@788cb7b0, creationTime=2023-08-29T11:49:30.997195, category=null, comments=[]), NewsDTO(newsUUID=302b132f-8e6d-4ad3-9dd9-b822be54ef26, title=test2, text=Mauris turpis justo, posuere eu imperdiet eu, porta a risus. Nulla maximus mi nec mi lacinia iaculis. Donec viverra in libero a consectetur., image=https://www.mtu.edu/cs/undergraduate/software/what/images/software-engineering-banner2400.jpg, author=com.example.Easy.Entities.UserEntity@537979aa, creationTime=1990-05-22T11:11, category=sub2, comments=[]), NewsDTO(newsUUID=31ef0995-5d2a-496f-8278-3550ccb58a9d, title=test9, text=bootstrap9, image=https://www.google.com/search?q=machine+learning&sca_esv=559361602&tbm=isch&source=lnms&sa=X&ved=2ahUKEwiC5--r-PKAAxVSYPEDHVsTCq4Q_AUoAnoECAIQBA&biw=1728&bih=931&dpr=2#imgrc=MljwM1234Xl_pM, author=com.example.Easy.Entities.UserEntity@62a07c01, creationTime=2023-08-29T17:37:26.974750, category=null, comments=[]), NewsDTO(newsUUID=323c5c67-1d3e-4aba-b7aa-8576855ae07e, title=test2, text=Mauris turpis justo, posuere eu imperdiet eu, porta a risus. Nulla maximus mi nec mi lacinia iaculis. Donec viverra in libero a consectetur., image=https://www.mtu.edu/cs/undergraduate/software/what/images/software-engineering-banner2400.jpg, author=com.example.Easy.Entities.UserEntity@537979aa, creationTime=1990-05-22T11:11, category=cat5, comments=[]), NewsDTO(newsUUID=33ff4f3e-3f58-4a1f-b392-515ededd3e62, title=test2, text=Mauris turpis justo, posuere eu imperdiet eu, porta a risus. Nulla maximus mi nec mi lacinia iaculis. Donec viverra in libero a consectetur., image=https://www.mtu.edu/cs/undergraduate/software/what/images/software-engineering-banner2400.jpg, author=com.example.Easy.Entities.UserEntity@537979aa, creationTime=1990-05-22T11:11, category=cat5, comments=[]), NewsDTO(newsUUID=352df071-b4bc-4d0c-8885-6bab93622391, title=test2, text=Mauris turpis justo, posuere eu imperdiet eu, porta a risus. Nulla maximus mi nec mi lacinia iaculis. Donec viverra in libero a consectetur., image=https://www.mtu.edu/cs/undergraduate/software/what/images/software-engineering-banner2400.jpg, author=com.example.Easy.Entities.UserEntity@46e77fb7, creationTime=1990-05-22T11:11, category=sub2, comments=[]), NewsDTO(newsUUID=3f326e39-93ab-4bfb-ad25-e1f08a38d54f, title=test4, text=Quisque egestas vulputate enim, non pharetra orci pulvinar vitae. Mauris nibh justo, laoreet eget porttitor a, blandit vel justo., image=https://media.geeksforgeeks.org/wp-content/cdn-uploads/20221222184908/web-development1.png, author=com.example.Easy.Entities.UserEntity@7b59f3aa, creationTime=2000-05-10T15:48, category=cat1, comments=[]), NewsDTO(newsUUID=42b1a19c-e27f-46fc-824c-54685c15a9b6, title=test3, text=vulputate ac egestas mollis, fringilla vel est. Donec sit amet nibh nisi. In ac sem ac dui pretium vulputate eu ac ligula. , image=https://d1m75rqqgidzqn.cloudfront.net/wp-data/2019/09/11134058/What-is-data-science-2.jpg, author=com.example.Easy.Entities.UserEntity@7b59f3aa, creationTime=1000-08-12T20:10, category=sub2, comments=[]), NewsDTO(newsUUID=4476d9af-ad22-43de-b847-adb1e107c029, title=test9, text=bootstrap9, image=https://www.google.com/search?q=machine+learning&sca_esv=559361602&tbm=isch&source=lnms&sa=X&ved=2ahUKEwiC5--r-PKAAxVSYPEDHVsTCq4Q_AUoAnoECAIQBA&biw=1728&bih=931&dpr=2#imgrc=MljwM1234Xl_pM, author=com.example.Easy.Entities.UserEntity@7b59f3aa, creationTime=2023-08-29T11:45:40.911268, category=null, comments=[]), NewsDTO(newsUUID=4b740449-1b9b-4f89-bdca-9a8af7354abb, title=test4, text=Quisque egestas vulputate enim, non pharetra orci pulvinar vitae. Mauris nibh justo, laoreet eget porttitor a, blandit vel justo., image=https://media.geeksforgeeks.org/wp-content/cdn-uploads/20221222184908/web-development1.png, author=com.example.Easy.Entities.UserEntity@788cb7b0, creationTime=2000-05-10T15:48, category=cat1, comments=[]), NewsDTO(newsUUID=58bf28c7-945c-4954-9e0e-b8d5926daf8b, title=test1, text=Lorem ipsum dolor sit amet, consectetur adipiscing elit. Nam eget quam eu massa ultrices scelerisque. Quisque et erat lacinia, cursus tellus et, dignissim est., image=https://miro.medium.com/v2/resize:fit:1358/1*cG6U1qstYDijh9bPL42e-Q.jpeg, author=com.example.Easy.Entities.UserEntity@537979aa, creationTime=2023-08-29T17:37:26.698500, category=cat4, comments=[]), NewsDTO(newsUUID=597d9e2f-7150-4bb3-bf02-665e1b607881, title=test3, text=vulputate ac egestas mollis, fringilla vel est. Donec sit amet nibh nisi. In ac sem ac dui pretium vulputate eu ac ligula. , image=https://d1m75rqqgidzqn.cloudfront.net/wp-data/2019/09/11134058/What-is-data-science-2.jpg, author=com.example.Easy.Entities.UserEntity@7b59f3aa, creationTime=1000-08-12T20:10, category=sub2, comments=[]), NewsDTO(newsUUID=5999f310-1f59-4b10-a35c-a362ab8f3189, title=test4, text=Quisque egestas vulputate enim, non pharetra orci pulvinar vitae. Mauris nibh justo, laoreet eget porttitor a, blandit vel justo., image=https://media.geeksforgeeks.org/wp-content/cdn-uploads/20221222184908/web-development1.png, author=com.example.Easy.Entities.UserEntity@43e55cfb, creationTime=2000-05-10T15:48, category=cat1, comments=[]), NewsDTO(newsUUID=59bd3e43-c0ff-4dad-9bb7-920c4506c567, title=test3, text=vulputate ac egestas mollis, fringilla vel est. Donec sit amet nibh nisi. In ac sem ac dui pretium vulputate eu ac ligula. , image=https://d1m75rqqgidzqn.cloudfront.net/wp-data/2019/09/11134058/What-is-data-science-2.jpg, author=com.example.Easy.Entities.UserEntity@62a07c01, creationTime=1000-08-12T20:10, category=cat5, comments=[]), NewsDTO(newsUUID=5d69f6b0-6088-4af9-b9d1-112d583c6e45, title=test1, text=Lorem ipsum dolor sit amet, consectetur adipiscing elit. Nam eget quam eu massa ultrices scelerisque. Quisque et erat lacinia, cursus tellus et, dignissim est., image=https://miro.medium.com/v2/resize:fit:1358/1*cG6U1qstYDijh9bPL42e-Q.jpeg, author=com.example.Easy.Entities.UserEntity@537979aa, creationTime=2023-08-29T13:55:07.506609, category=cat4, comments=[]), NewsDTO(newsUUID=64c54450-4a41-4b93-a985-da2cac68a6bc, title=test3, text=vulputate ac egestas mollis, fringilla vel est. Donec sit amet nibh nisi. In ac sem ac dui pretium vulputate eu ac ligula. , image=https://d1m75rqqgidzqn.cloudfront.net/wp-data/2019/09/11134058/What-is-data-science-2.jpg, author=com.example.Easy.Entities.UserEntity@43e55cfb, creationTime=1000-08-12T20:10, category=sub2, comments=[]), NewsDTO(newsUUID=68b59a93-ecc0-4f32-acc6-23da803d9bfb, title=test2, text=Mauris turpis justo, posuere eu imperdiet eu, porta a risus. Nulla maximus mi nec mi lacinia iaculis. Donec viverra in libero a consectetur., image=https://www.mtu.edu/cs/undergraduate/software/what/images/software-engineering-banner2400.jpg, author=com.example.Easy.Entities.UserEntity@537979aa, creationTime=1990-05-22T11:11, category=cat5, comments=[]), NewsDTO(newsUUID=6d77db61-de22-407f-b46c-93b66dabbbdb, title=test2, text=Mauris turpis justo, posuere eu imperdiet eu, porta a risus. Nulla maximus mi nec mi lacinia iaculis. Donec viverra in libero a consectetur., image=https://www.mtu.edu/cs/undergraduate/software/what/images/software-engineering-banner2400.jpg, author=com.example.Easy.Entities.UserEntity@46e77fb7, creationTime=1990-05-22T11:11, category=sub2, comments=[]), NewsDTO(newsUUID=7238dfc6-aee2-4610-8bf3-fffcb8105427, title=test9, text=bootstrap9, image=https://www.google.com/search?q=machine+learning&sca_esv=559361602&tbm=isch&source=lnms&sa=X&ved=2ahUKEwiC5--r-PKAAxVSYPEDHVsTCq4Q_AUoAnoECAIQBA&biw=1728&bih=931&dpr=2#imgrc=MljwM1234Xl_pM, author=com.example.Easy.Entities.UserEntity@62a07c01, creationTime=2023-08-29T17:16:47.712696, category=null, comments=[]), NewsDTO(newsUUID=76aade4c-a48c-47cc-a1e3-d240409c46e2, title=test3, text=vulputate ac egestas mollis, fringilla vel est. Donec sit amet nibh nisi. In ac sem ac dui pretium vulputate eu ac ligula. , image=https://d1m75rqqgidzqn.cloudfront.net/wp-data/2019/09/11134058/What-is-data-science-2.jpg, author=com.example.Easy.Entities.UserEntity@788cb7b0, creationTime=1000-08-12T20:10, category=sub2, comments=[]), NewsDTO(newsUUID=856d58bb-5004-40e0-a1fd-d1049e4b37e4, title=test9, text=bootstrap9, image=https://www.google.com/search?q=machine+learning&sca_esv=559361602&tbm=isch&source=lnms&sa=X&ved=2ahUKEwiC5--r-PKAAxVSYPEDHVsTCq4Q_AUoAnoECAIQBA&biw=1728&bih=931&dpr=2#imgrc=MljwM1234Xl_pM, author=com.example.Easy.Entities.UserEntity@7b59f3aa, creationTime=2023-08-29T11:46:48.978037, category=null, comments=[]), NewsDTO(newsUUID=957701b3-9307-4c26-a3f6-0f027c14e5e8, title=test4, text=Quisque egestas vulputate enim, non pharetra orci pulvinar vitae. Mauris nibh justo, laoreet eget porttitor a, blandit vel justo., image=https://media.geeksforgeeks.org/wp-content/cdn-uploads/20221222184908/web-development1.png, author=com.example.Easy.Entities.UserEntity@62a07c01, creationTime=2000-05-10T15:48, category=cat2, comments=[]), NewsDTO(newsUUID=9f2b14c3-d3ce-41eb-ae85-6cc61a84ac2b, title=test1, text=Lorem ipsum dolor sit amet, consectetur adipiscing elit. Nam eget quam eu massa ultrices scelerisque. Quisque et erat lacinia, cursus tellus et, dignissim est., image=https://miro.medium.com/v2/resize:fit:1358/1*cG6U1qstYDijh9bPL42e-Q.jpeg, author=com.example.Easy.Entities.UserEntity@537979aa, creationTime=2023-08-29T11:49:30.830980, category=cat2, comments=[]), NewsDTO(newsUUID=a2522585-e570-48ff-8957-9e54834bce8b, title=test4, text=Quisque egestas vulputate enim, non pharetra orci pulvinar vitae. Mauris nibh justo, laoreet eget porttitor a, blandit vel justo., image=https://media.geeksforgeeks.org/wp-content/cdn-uploads/20221222184908/web-development1.png, author=com.example.Easy.Entities.UserEntity@62a07c01, creationTime=2000-05-10T15:48, category=cat2, comments=[]), NewsDTO(newsUUID=a496ba32-aa7d-4727-861e-1ed0ebc1fb89, title=test1, text=Lorem ipsum dolor sit amet, consectetur adipiscing elit. Nam eget quam eu massa ultrices scelerisque. Quisque et erat lacinia, cursus tellus et, dignissim est., image=https://miro.medium.com/v2/resize:fit:1358/1*cG6U1qstYDijh9bPL42e-Q.jpeg, author=com.example.Easy.Entities.UserEntity@46e77fb7, creationTime=2023-08-29T11:46:48.885695, category=cat2, comments=[]), NewsDTO(newsUUID=ae9f08b3-ed91-4fcf-9bf9-0612f3dfa089, title=test1, text=Lorem ipsum dolor sit amet, consectetur adipiscing elit. Nam eget quam eu massa ultrices scelerisque. Quisque et erat lacinia, cursus tellus et, dignissim est., image=https://miro.medium.com/v2/resize:fit:1358/1*cG6U1qstYDijh9bPL42e-Q.jpeg, author=com.example.Easy.Entities.UserEntity@537979aa, creationTime=2023-08-29T17:33:04.969957, category=cat4, comments=[]), NewsDTO(newsUUID=afef1c1d-fdb6-43ce-9f31-0f90f92d8429, title=test1, text=Lorem ipsum dolor sit amet, consectetur adipiscing elit. Nam eget quam eu massa ultrices scelerisque. Quisque et erat lacinia, cursus tellus et, dignissim est., image=https://miro.medium.com/v2/resize:fit:1358/1*cG6U1qstYDijh9bPL42e-Q.jpeg, author=com.example.Easy.Entities.UserEntity@537979aa, creationTime=2023-08-29T11:55:54.548660, category=cat2, comments=[]), NewsDTO(newsUUID=b211d500-7f67-4228-b12b-1fe7dbc061b3, title=test3, text=vulputate ac egestas mollis, fringilla vel est. Donec sit amet nibh nisi. In ac sem ac dui pretium vulputate eu ac ligula. , image=https://d1m75rqqgidzqn.cloudfront.net/wp-data/2019/09/11134058/What-is-data-science-2.jpg, author=com.example.Easy.Entities.UserEntity@62a07c01, creationTime=1000-08-12T20:10, category=cat5, comments=[]), NewsDTO(newsUUID=b368368f-102e-436b-8be0-7a8aa3503932, title=test1, text=Lorem ipsum dolor sit amet, consectetur adipiscing elit. Nam eget quam eu massa ultrices scelerisque. Quisque et erat lacinia, cursus tellus et, dignissim est., image=https://miro.medium.com/v2/resize:fit:1358/1*cG6U1qstYDijh9bPL42e-Q.jpeg, author=com.example.Easy.Entities.UserEntity@537979aa, creationTime=2023-08-29T15:29:23.848531, category=cat4, comments=[]), NewsDTO(newsUUID=b7d17375-d3f0-4622-9dc6-16852b2478c7, title=test1, text=Lorem ipsum dolor sit amet, consectetur adipiscing elit. Nam eget quam eu massa ultrices scelerisque. Quisque et erat lacinia, cursus tellus et, dignissim est., image=https://miro.medium.com/v2/resize:fit:1358/1*cG6U1qstYDijh9bPL42e-Q.jpeg, author=com.example.Easy.Entities.UserEntity@537979aa, creationTime=2023-08-29T17:16:47.497869, category=cat4, comments=[]), NewsDTO(newsUUID=b885aed5-ca6f-4e9d-adcd-55c66fc4739e, title=test3, text=vulputate ac egestas mollis, fringilla vel est. Donec sit amet nibh nisi. In ac sem ac dui pretium vulputate eu ac ligula. , image=https://d1m75rqqgidzqn.cloudfront.net/wp-data/2019/09/11134058/What-is-data-science-2.jpg, author=com.example.Easy.Entities.UserEntity@62a07c01, creationTime=1000-08-12T20:10, category=cat5, comments=[]), NewsDTO(newsUUID=b9ab787f-12af-4766-9e1e-7b6ad821abcf, title=test9, text=bootstrap9, image=https://www.google.com/search?q=machine+learning&sca_esv=559361602&tbm=isch&source=lnms&sa=X&ved=2ahUKEwiC5--r-PKAAxVSYPEDHVsTCq4Q_AUoAnoECAIQBA&biw=1728&bih=931&dpr=2#imgrc=MljwM1234Xl_pM, author=com.example.Easy.Entities.UserEntity@62a07c01, creationTime=2023-08-29T15:29:24.077978, category=null, comments=[]), NewsDTO(newsUUID=ba329d79-5ceb-4f06-b1f3-96662a18db88, title=test2, text=Mauris turpis justo, posuere eu imperdiet eu, porta a risus. Nulla maximus mi nec mi lacinia iaculis. Donec viverra in libero a consectetur., image=https://www.mtu.edu/cs/undergraduate/software/what/images/software-engineering-banner2400.jpg, author=com.example.Easy.Entities.UserEntity@537979aa, creationTime=1990-05-22T11:11, category=sub2, comments=[]), NewsDTO(newsUUID=bf285f73-26a4-41ee-b161-afa8c33d35d4, title=test2, text=Mauris turpis justo, posuere eu imperdiet eu, porta a risus. Nulla maximus mi nec mi lacinia iaculis. Donec viverra in libero a consectetur., image=https://www.mtu.edu/cs/undergraduate/software/what/images/software-engineering-banner2400.jpg, author=com.example.Easy.Entities.UserEntity@537979aa, creationTime=1990-05-22T11:11, category=cat5, comments=[]), NewsDTO(newsUUID=c4ae1491-f2c5-4a53-af32-463247674574, title=test1, text=Lorem ipsum dolor sit amet, consectetur adipiscing elit. Nam eget quam eu massa ultrices scelerisque. Quisque et erat lacinia, cursus tellus et, dignissim est., image=https://miro.medium.com/v2/resize:fit:1358/1*cG6U1qstYDijh9bPL42e-Q.jpeg, author=com.example.Easy.Entities.UserEntity@46e77fb7, creationTime=2023-08-29T11:44:03.111990, category=cat2, comments=[]), NewsDTO(newsUUID=c9e160b5-8386-435c-9f89-ca7123712a80, title=test9, text=bootstrap9, image=https://www.google.com/search?q=machine+learning&sca_esv=559361602&tbm=isch&source=lnms&sa=X&ved=2ahUKEwiC5--r-PKAAxVSYPEDHVsTCq4Q_AUoAnoECAIQBA&biw=1728&bih=931&dpr=2#imgrc=MljwM1234Xl_pM, author=com.example.Easy.Entities.UserEntity@62a07c01, creationTime=2023-08-29T17:33:05.223628, category=null, comments=[]), NewsDTO(newsUUID=cbcd045a-d743-4b3e-b5d9-897e2be65e2d, title=test4, text=Quisque egestas vulputate enim, non pharetra orci pulvinar vitae. Mauris nibh justo, laoreet eget porttitor a, blandit vel justo., image=https://media.geeksforgeeks.org/wp-content/cdn-uploads/20221222184908/web-development1.png, author=com.example.Easy.Entities.UserEntity@62a07c01, creationTime=2000-05-10T15:48, category=cat2, comments=[]), NewsDTO(newsUUID=cd8a0223-2a34-4a6f-a118-9c3bfd1f7a51, title=test4, text=Quisque egestas vulputate enim, non pharetra orci pulvinar vitae. Mauris nibh justo, laoreet eget porttitor a, blandit vel justo., image=https://media.geeksforgeeks.org/wp-content/cdn-uploads/20221222184908/web-development1.png, author=com.example.Easy.Entities.UserEntity@43e55cfb, creationTime=2000-05-10T15:48, category=cat1, comments=[]), NewsDTO(newsUUID=cdb6a84d-1d51-442b-a655-c5455578642f, title=test2, text=Mauris turpis justo, posuere eu imperdiet eu, porta a risus. Nulla maximus mi nec mi lacinia iaculis. Donec viverra in libero a consectetur., image=https://www.mtu.edu/cs/undergraduate/software/what/images/software-engineering-banner2400.jpg, author=com.example.Easy.Entities.UserEntity@537979aa, creationTime=1990-05-22T11:11, category=cat5, comments=[]), NewsDTO(newsUUID=d3d87345-75c3-4e09-a69f-8c1dc8b7ab9d, title=test4, text=Quisque egestas vulputate enim, non pharetra orci pulvinar vitae. Mauris nibh justo, laoreet eget porttitor a, blandit vel justo., image=https://media.geeksforgeeks.org/wp-content/cdn-uploads/20221222184908/web-development1.png, author=com.example.Easy.Entities.UserEntity@62a07c01, creationTime=2000-05-10T15:48, category=cat2, comments=[]), NewsDTO(newsUUID=df6860fc-f60f-4ba1-8ab2-c638747822e6, title=test4, text=Quisque egestas vulputate enim, non pharetra orci pulvinar vitae. Mauris nibh justo, laoreet eget porttitor a, blandit vel justo., image=https://media.geeksforgeeks.org/wp-content/cdn-uploads/20221222184908/web-development1.png, author=com.example.Easy.Entities.UserEntity@62a07c01, creationTime=2000-05-10T15:48, category=cat2, comments=[]), NewsDTO(newsUUID=e201ae87-9e45-4a31-b46f-06591a2ff4f5, title=test1, text=Lorem ipsum dolor sit amet, consectetur adipiscing elit. Nam eget quam eu massa ultrices scelerisque. Quisque et erat lacinia, cursus tellus et, dignissim est., image=https://miro.medium.com/v2/resize:fit:1358/1*cG6U1qstYDijh9bPL42e-Q.jpeg, author=com.example.Easy.Entities.UserEntity@537979aa, creationTime=2023-08-29T16:27:43.056839, category=cat4, comments=[]), NewsDTO(newsUUID=e351f702-f554-4b2c-9cd8-f3a9da866528, title=test4, text=Quisque egestas vulputate enim, non pharetra orci pulvinar vitae. Mauris nibh justo, laoreet eget porttitor a, blandit vel justo., image=https://media.geeksforgeeks.org/wp-content/cdn-uploads/20221222184908/web-development1.png, author=com.example.Easy.Entities.UserEntity@7b59f3aa, creationTime=2000-05-10T15:48, category=cat1, comments=[]), NewsDTO(newsUUID=e7d226b2-66a5-4b11-af1f-0d91dceab562, title=test9, text=bootstrap9, image=https://www.google.com/search?q=machine+learning&sca_esv=559361602&tbm=isch&source=lnms&sa=X&ved=2ahUKEwiC5--r-PKAAxVSYPEDHVsTCq4Q_AUoAnoECAIQBA&biw=1728&bih=931&dpr=2#imgrc=MljwM1234Xl_pM, author=com.example.Easy.Entities.UserEntity@62a07c01, creationTime=2023-08-29T16:27:43.324618, category=null, comments=[]), NewsDTO(newsUUID=e96cb3bc-8d48-4706-aa15-b62db3517985, title=test3, text=vulputate ac egestas mollis, fringilla vel est. Donec sit amet nibh nisi. In ac sem ac dui pretium vulputate eu ac ligula. , image=https://d1m75rqqgidzqn.cloudfront.net/wp-data/2019/09/11134058/What-is-data-science-2.jpg, author=com.example.Easy.Entities.UserEntity@62a07c01, creationTime=1000-08-12T20:10, category=cat5, comments=[]), NewsDTO(newsUUID=f97fae10-1913-44cd-b9a1-44733ca3c774, title=test1, text=Lorem ipsum dolor sit amet, consectetur adipiscing elit. Nam eget quam eu massa ultrices scelerisque. Quisque et erat lacinia, cursus tellus et, dignissim est., image=https://miro.medium.com/v2/resize:fit:1358/1*cG6U1qstYDijh9bPL42e-Q.jpeg, author=com.example.Easy.Entities.UserEntity@537979aa, creationTime=2023-08-29T13:17:11.754533, category=cat2, comments=[]), NewsDTO(newsUUID=fa145f26-8dad-49d9-9dc9-856036697c86, title=test2, text=Mauris turpis justo, posuere eu imperdiet eu, porta a risus. Nulla maximus mi nec mi lacinia iaculis. Donec viverra in libero a consectetur., image=https://www.mtu.edu/cs/undergraduate/software/what/images/software-engineering-banner2400.jpg, author=com.example.Easy.Entities.UserEntity@537979aa, creationTime=1990-05-22T11:11, category=sub2, comments=[]), NewsDTO(newsUUID=fada7b3b-43c9-49f4-ab9f-400d1f441839, title=test3, text=vulputate ac egestas mollis, fringilla vel est. Donec sit amet nibh nisi. In ac sem ac dui pretium vulputate eu ac ligula. , image=https://d1m75rqqgidzqn.cloudfront.net/wp-data/2019/09/11134058/What-is-data-science-2.jpg, author=com.example.Easy.Entities.UserEntity@62a07c01, creationTime=1000-08-12T20:10, category=cat5, comments=[])]
]]></system-out>
  </testcase>
  <testcase name="deleteById" classname="com.example.Easy.Services.NewsServiceTest" time="0.008"/>
</testsuite>