<?xml version="1.0" encoding="UTF-8"?>
<testsuite xmlns:xsi="http://www.w3.org/2001/XMLSchema-instance" xsi:noNamespaceSchemaLocation="https://maven.apache.org/surefire/maven-surefire-plugin/xsd/surefire-test-report-3.0.xsd" version="3.0" name="com.example.Easy.Services.NewsCategoryServiceTest" time="0.615" tests="5" errors="0" skipped="0" failures="0">
  <properties>
[...]
</properties>
  <testcase name="addCategoryTest" classname="com.example.Easy.Services.NewsCategoryServiceTest" time="0.032">
    <system-out><![CDATA[2023-08-29T18:16:45.977+03:00  INFO 12388 --- [           main] t.c.s.AnnotationConfigContextLoaderUtils : Could not detect default configuration classes for test class [com.example.Easy.Services.NewsCategoryServiceTest]: NewsCategoryServiceTest does not declare any static, non-private, non-final, nested classes annotated with @Configuration.
2023-08-29T18:16:45.980+03:00  INFO 12388 --- [           main] .b.t.c.SpringBootTestContextBootstrapper : Found @SpringBootConfiguration com.example.Easy.EasyApplication for test class com.example.Easy.Services.NewsCategoryServiceTest
]]></system-out>
  </testcase>
  <testcase name="subsub" classname="com.example.Easy.Services.NewsCategoryServiceTest" time="0.065"/>
  <testcase name="getAllRoots" classname="com.example.Easy.Services.NewsCategoryServiceTest" time="0.261">
    <system-out><![CDATA[[NewsCategoryDTO(categoryId=1, name=cat1, parent=null, children=[com.example.Easy.Entities.NewsCategoryEntity@349504d5, com.example.Easy.Entities.NewsCategoryEntity@79f6b43a, com.example.Easy.Entities.NewsCategoryEntity@198d55de, com.example.Easy.Entities.NewsCategoryEntity@58a06477, com.example.Easy.Entities.NewsCategoryEntity@218e28d9, com.example.Easy.Entities.NewsCategoryEntity@7789719e, com.example.Easy.Entities.NewsCategoryEntity@529b8e41, com.example.Easy.Entities.NewsCategoryEntity@efe75a2, com.example.Easy.Entities.NewsCategoryEntity@121fe002, com.example.Easy.Entities.NewsCategoryEntity@220a7f95, com.example.Easy.Entities.NewsCategoryEntity@2e29a7d, com.example.Easy.Entities.NewsCategoryEntity@28ec92c9, com.example.Easy.Entities.NewsCategoryEntity@5ce34685, com.example.Easy.Entities.NewsCategoryEntity@437ac2dc, com.example.Easy.Entities.NewsCategoryEntity@643947d1, com.example.Easy.Entities.NewsCategoryEntity@7b7268db, com.example.Easy.Entities.NewsCategoryEntity@8d0253b, com.example.Easy.Entities.NewsCategoryEntity@c52c362, com.example.Easy.Entities.NewsCategoryEntity@45bde54d, com.example.Easy.Entities.NewsCategoryEntity@5e2abb58, com.example.Easy.Entities.NewsCategoryEntity@109a462e, com.example.Easy.Entities.NewsCategoryEntity@138d85f8, com.example.Easy.Entities.NewsCategoryEntity@5c088d72, com.example.Easy.Entities.NewsCategoryEntity@2778a7c3, com.example.Easy.Entities.NewsCategoryEntity@eb65fc8, com.example.Easy.Entities.NewsCategoryEntity@261d7ee2]), NewsCategoryDTO(categoryId=2, name=cat2, parent=null, children=[]), NewsCategoryDTO(categoryId=5, name=cat1, parent=null, children=[]), NewsCategoryDTO(categoryId=6, name=cat2, parent=null, children=[]), NewsCategoryDTO(categoryId=10, name=cat1, parent=null, children=[]), NewsCategoryDTO(categoryId=11, name=cat2, parent=null, children=[]), NewsCategoryDTO(categoryId=15, name=cat1, parent=null, children=[]), NewsCategoryDTO(categoryId=16, name=cat2, parent=null, children=[]), NewsCategoryDTO(categoryId=20, name=cat1, parent=null, children=[]), NewsCategoryDTO(categoryId=21, name=cat2, parent=null, children=[]), NewsCategoryDTO(categoryId=25, name=cat1, parent=null, children=[]), NewsCategoryDTO(categoryId=26, name=cat2, parent=null, children=[]), NewsCategoryDTO(categoryId=30, name=cat1, parent=null, children=[]), NewsCategoryDTO(categoryId=31, name=cat2, parent=null, children=[]), NewsCategoryDTO(categoryId=35, name=cat4, parent=null, children=[]), NewsCategoryDTO(categoryId=36, name=cat5, parent=null, children=[]), NewsCategoryDTO(categoryId=37, name=cat1, parent=null, children=[]), NewsCategoryDTO(categoryId=38, name=cat2, parent=null, children=[]), NewsCategoryDTO(categoryId=42, name=cat1, parent=null, children=[]), NewsCategoryDTO(categoryId=43, name=cat2, parent=null, children=[]), NewsCategoryDTO(categoryId=47, name=cat1, parent=null, children=[]), NewsCategoryDTO(categoryId=48, name=cat2, parent=null, children=[]), NewsCategoryDTO(categoryId=52, name=cat1, parent=null, children=[]), NewsCategoryDTO(categoryId=53, name=cat2, parent=null, children=[]), NewsCategoryDTO(categoryId=57, name=cat1, parent=null, children=[]), NewsCategoryDTO(categoryId=58, name=cat2, parent=null, children=[]), NewsCategoryDTO(categoryId=62, name=cat1, parent=null, children=[]), NewsCategoryDTO(categoryId=63, name=cat2, parent=null, children=[]), NewsCategoryDTO(categoryId=67, name=cat1, parent=null, children=[]), NewsCategoryDTO(categoryId=68, name=cat2, parent=null, children=[])]
{cat4=null, cat5=null, cat2=null, cat1=null}
]]></system-out>
  </testcase>
  <testcase name="getAllCategories" classname="com.example.Easy.Services.NewsCategoryServiceTest" time="0.08">
    <system-out><![CDATA[[cat4, cat5, cat2, sub2, cat1, sub1, subsub1]
]]></system-out>
  </testcase>
  <testcase name="addSubCategory" classname="com.example.Easy.Services.NewsCategoryServiceTest" time="0.16"/>
</testsuite>