<?xml version="1.0" encoding="UTF-8"?>
<testsuite xmlns:xsi="http://www.w3.org/2001/XMLSchema-instance" xsi:noNamespaceSchemaLocation="https://maven.apache.org/surefire/maven-surefire-plugin/xsd/surefire-test-report-3.0.xsd" version="3.0" name="com.example.Easy.Services.UserServiceTest" time="0.272" tests="3" errors="0" skipped="0" failures="0">
  <properties>
[...]
</properties>
  <testcase name="bootstrap" classname="com.example.Easy.Services.UserServiceTest" time="0.02">
    <system-out><![CDATA[2023-08-29T17:37:28.139+03:00  INFO 18224 --- [           main] t.c.s.AnnotationConfigContextLoaderUtils : Could not detect default configuration classes for test class [com.example.Easy.Services.UserServiceTest]: UserServiceTest does not declare any static, non-private, non-final, nested classes annotated with @Configuration.
2023-08-29T17:37:28.140+03:00  INFO 18224 --- [           main] .b.t.c.SpringBootTestContextBootstrapper : Found @SpringBootConfiguration com.example.Easy.EasyApplication for test class com.example.Easy.Services.UserServiceTest
]]></system-out>
  </testcase>
  <testcase name="getAllUsers" classname="com.example.Easy.Services.UserServiceTest" time="0.099">
    <system-out><![CDATA[[UserDTO(userId=01b79238-72c9-41fd-a93e-0d1323699ed9, name=user3, image=https://t3.ftcdn.net/jpg/05/17/79/88/360_F_517798849_WuXhHTpg2djTbfNf0FQAjzFEoluHpnct.jpg, userToken=3, role=null, comments=[], news=[com.example.Easy.Entities.NewsEntity@7df5358, com.example.Easy.Entities.NewsEntity@139f1db4, com.example.Easy.Entities.NewsEntity@532860c7, com.example.Easy.Entities.NewsEntity@62ccbd95, com.example.Easy.Entities.NewsEntity@595713f3, com.example.Easy.Entities.NewsEntity@7c9a39cb, com.example.Easy.Entities.NewsEntity@1fba15d7, com.example.Easy.Entities.NewsEntity@21f4f5d4, com.example.Easy.Entities.NewsEntity@a9339e5, com.example.Easy.Entities.NewsEntity@6eaf016e, com.example.Easy.Entities.NewsEntity@7ce87db5, com.example.Easy.Entities.NewsEntity@1ac65143, com.example.Easy.Entities.NewsEntity@73e054c0, com.example.Easy.Entities.NewsEntity@73760b13, com.example.Easy.Entities.NewsEntity@1a6aecec, com.example.Easy.Entities.NewsEntity@12f52ca4, com.example.Easy.Entities.NewsEntity@5bf41334, com.example.Easy.Entities.NewsEntity@750afe12]), UserDTO(userId=04e0fa4d-d560-4b6e-98c0-9cb50dec9e5b, name=user3, image=https://t3.ftcdn.net/jpg/05/17/79/88/360_F_517798849_WuXhHTpg2djTbfNf0FQAjzFEoluHpnct.jpg, userToken=3, role=null, comments=[], news=[com.example.Easy.Entities.NewsEntity@7537f638, com.example.Easy.Entities.NewsEntity@6b909973, com.example.Easy.Entities.NewsEntity@f4cfc61, com.example.Easy.Entities.NewsEntity@b632594, com.example.Easy.Entities.NewsEntity@24456c9e, com.example.Easy.Entities.NewsEntity@690b6292, com.example.Easy.Entities.NewsEntity@3b8ec458, com.example.Easy.Entities.NewsEntity@4704b66a, com.example.Easy.Entities.NewsEntity@3d8c499a, com.example.Easy.Entities.NewsEntity@60e2b6e3, com.example.Easy.Entities.NewsEntity@20f1c8ed, com.example.Easy.Entities.NewsEntity@68628510, com.example.Easy.Entities.NewsEntity@4def8aaa, com.example.Easy.Entities.NewsEntity@3ffa3cdb, com.example.Easy.Entities.NewsEntity@515d6c9f, com.example.Easy.Entities.NewsEntity@1f9e42d2, com.example.Easy.Entities.NewsEntity@759c0c14, com.example.Easy.Entities.NewsEntity@ca72afb]), UserDTO(userId=109d9ee0-ee4e-4c64-a258-7d5fbb6896e9, name=user3, image=https://t3.ftcdn.net/jpg/05/17/79/88/360_F_517798849_WuXhHTpg2djTbfNf0FQAjzFEoluHpnct.jpg, userToken=3, role=null, comments=[], news=[]), UserDTO(userId=10e54db3-87a4-4781-b64a-1859352b7210, name=user2, image=https://upload.wikimedia.org/wikipedia/commons/thumb/1/12/User_icon_2.svg/800px-User_icon_2.svg.png, userToken=2, role=null, comments=[], news=[com.example.Easy.Entities.NewsEntity@2b5a659f, com.example.Easy.Entities.NewsEntity@1540b926, com.example.Easy.Entities.NewsEntity@428943a4, com.example.Easy.Entities.NewsEntity@7c305624, com.example.Easy.Entities.NewsEntity@73534675, com.example.Easy.Entities.NewsEntity@2b7b6f58]), UserDTO(userId=11a5e3ef-f2d9-4ce6-b119-47354565acf1, name=user2, image=https://upload.wikimedia.org/wikipedia/commons/thumb/1/12/User_icon_2.svg/800px-User_icon_2.svg.png, userToken=2, role=null, comments=[], news=[]), UserDTO(userId=18f32e36-b6f0-4bf1-87ab-102fe6dc07d3, name=user3, image=https://t3.ftcdn.net/jpg/05/17/79/88/360_F_517798849_WuXhHTpg2djTbfNf0FQAjzFEoluHpnct.jpg, userToken=3, role=null, comments=[], news=[]), UserDTO(userId=1c55d08e-7cd8-4133-b5b8-f467d8e56d8c, name=user2, image=https://upload.wikimedia.org/wikipedia/commons/thumb/1/12/User_icon_2.svg/800px-User_icon_2.svg.png, userToken=2, role=null, comments=[], news=[]), UserDTO(userId=1f58f8b0-5fe4-4f93-8bd5-2c6580872940, name=user1, image=null, userToken=1, role=null, comments=[], news=[]), UserDTO(userId=221d3311-18e5-455c-9f92-77a0b02a4c1c, name=user4, image=https://cdn.pixabay.com/photo/2020/07/01/12/58/icon-5359553_1280.png, userToken=4, role=null, comments=[], news=[]), UserDTO(userId=2530f74b-2033-40db-a6ff-0d68a794568a, name=user2, image=https://upload.wikimedia.org/wikipedia/commons/thumb/1/12/User_icon_2.svg/800px-User_icon_2.svg.png, userToken=2, role=null, comments=[], news=[]), UserDTO(userId=31d2ee66-8506-4fb1-a799-959d7957732b, name=user4, image=https://cdn.pixabay.com/photo/2020/07/01/12/58/icon-5359553_1280.png, userToken=4, role=null, comments=[], news=[]), UserDTO(userId=3c584dbf-965a-4317-a51f-76d6be34d703, name=user2, image=https://upload.wikimedia.org/wikipedia/commons/thumb/1/12/User_icon_2.svg/800px-User_icon_2.svg.png, userToken=2, role=null, comments=[], news=[]), UserDTO(userId=4163726f-5ff7-4e4e-a7c2-f96826a862eb, name=user4, image=https://cdn.pixabay.com/photo/2020/07/01/12/58/icon-5359553_1280.png, userToken=4, role=null, comments=[], news=[]), UserDTO(userId=47df35ac-0c74-4ede-97db-4d53875373a6, name=user1, image=null, userToken=1, role=null, comments=[], news=[]), UserDTO(userId=4d190c7e-7cfe-43f4-872a-b8c976014834, name=user4, image=https://cdn.pixabay.com/photo/2020/07/01/12/58/icon-5359553_1280.png, userToken=4, role=null, comments=[], news=[com.example.Easy.Entities.NewsEntity@7f2163d3, com.example.Easy.Entities.NewsEntity@57404a8d, com.example.Easy.Entities.NewsEntity@4734a551]), UserDTO(userId=515d0ebe-801b-43d6-a1be-cf857c6c8a5f, name=user1, image=null, userToken=1, role=null, comments=[], news=[]), UserDTO(userId=5434716d-0432-4f07-a5fc-c7ca03991f83, name=user2, image=https://upload.wikimedia.org/wikipedia/commons/thumb/1/12/User_icon_2.svg/800px-User_icon_2.svg.png, userToken=2, role=null, comments=[], news=[]), UserDTO(userId=605e9190-dde8-4c61-8b5a-8720293b692d, name=user1, image=null, userToken=1, role=null, comments=[], news=[]), UserDTO(userId=620203f5-bd15-46de-8a39-8f99a5568003, name=user3, image=https://t3.ftcdn.net/jpg/05/17/79/88/360_F_517798849_WuXhHTpg2djTbfNf0FQAjzFEoluHpnct.jpg, userToken=3, role=null, comments=[], news=[com.example.Easy.Entities.NewsEntity@5d63d553, com.example.Easy.Entities.NewsEntity@6b56e8ee, com.example.Easy.Entities.NewsEntity@1377e395, com.example.Easy.Entities.NewsEntity@33f17d3d]), UserDTO(userId=6a0d470a-5b47-4d8b-9b20-5dd6f21c1739, name=user3, image=https://t3.ftcdn.net/jpg/05/17/79/88/360_F_517798849_WuXhHTpg2djTbfNf0FQAjzFEoluHpnct.jpg, userToken=3, role=null, comments=[], news=[]), UserDTO(userId=77e1856d-42f9-4414-a0cb-5191f89ee996, name=user4, image=https://cdn.pixabay.com/photo/2020/07/01/12/58/icon-5359553_1280.png, userToken=4, role=null, comments=[], news=[]), UserDTO(userId=87d89068-d413-43c2-bf33-266253f15c96, name=user2, image=https://upload.wikimedia.org/wikipedia/commons/thumb/1/12/User_icon_2.svg/800px-User_icon_2.svg.png, userToken=2, role=null, comments=[], news=[]), UserDTO(userId=aa64c427-3c44-4286-9556-dcd3792a1a0a, name=user3, image=https://t3.ftcdn.net/jpg/05/17/79/88/360_F_517798849_WuXhHTpg2djTbfNf0FQAjzFEoluHpnct.jpg, userToken=3, role=null, comments=[], news=[]), UserDTO(userId=b1776cbd-8897-4ec4-ab91-955fd7a5a77b, name=user1, image=null, userToken=1, role=null, comments=[], news=[]), UserDTO(userId=b2677e4b-3cc9-4121-8f38-688e48b0ee2d, name=user1, image=null, userToken=1, role=null, comments=[], news=[]), UserDTO(userId=b9d9a909-05f5-44df-9572-58c71e138217, name=user4, image=https://cdn.pixabay.com/photo/2020/07/01/12/58/icon-5359553_1280.png, userToken=4, role=null, comments=[], news=[]), UserDTO(userId=bb920123-5914-4233-bcbe-75204eec6c25, name=user4, image=https://cdn.pixabay.com/photo/2020/07/01/12/58/icon-5359553_1280.png, userToken=4, role=null, comments=[], news=[]), UserDTO(userId=c2bc8219-5a79-47ae-ae99-106833729afa, name=user1, image=null, userToken=1, role=null, comments=[], news=[]), UserDTO(userId=c52c57cb-c8ec-4a09-ba32-2dcc3247e375, name=user3, image=https://t3.ftcdn.net/jpg/05/17/79/88/360_F_517798849_WuXhHTpg2djTbfNf0FQAjzFEoluHpnct.jpg, userToken=3, role=null, comments=[], news=[]), UserDTO(userId=c7c1d690-bafc-4a99-8861-3feb67e5991f, name=user1, image=null, userToken=1, role=null, comments=[], news=[com.example.Easy.Entities.NewsEntity@3a3740a5, com.example.Easy.Entities.NewsEntity@1bb1c6dd, com.example.Easy.Entities.NewsEntity@5920c4ed, com.example.Easy.Entities.NewsEntity@4f8eb97c, com.example.Easy.Entities.NewsEntity@5da13494, com.example.Easy.Entities.NewsEntity@5d260659]), UserDTO(userId=c9eb3141-7021-46bd-ab49-bc946629753b, name=user4, image=https://cdn.pixabay.com/photo/2020/07/01/12/58/icon-5359553_1280.png, userToken=4, role=null, comments=[], news=[]), UserDTO(userId=d8a88b21-56c8-4d0a-ad82-f81b0e159cde, name=user4, image=https://cdn.pixabay.com/photo/2020/07/01/12/58/icon-5359553_1280.png, userToken=4, role=null, comments=[], news=[]), UserDTO(userId=da61f60e-75ab-4b1a-a6cc-653e484193e2, name=user2, image=https://upload.wikimedia.org/wikipedia/commons/thumb/1/12/User_icon_2.svg/800px-User_icon_2.svg.png, userToken=2, role=null, comments=[], news=[]), UserDTO(userId=dea27a56-2473-4f54-957f-e28fb80b9e57, name=user3, image=https://t3.ftcdn.net/jpg/05/17/79/88/360_F_517798849_WuXhHTpg2djTbfNf0FQAjzFEoluHpnct.jpg, userToken=3, role=null, comments=[], news=[]), UserDTO(userId=dea5d1d8-7a13-426d-ad10-c87cbe5c7fc3, name=user2, image=https://upload.wikimedia.org/wikipedia/commons/thumb/1/12/User_icon_2.svg/800px-User_icon_2.svg.png, userToken=2, role=null, comments=[], news=[]), UserDTO(userId=e289cf37-f490-46a6-80a0-30550d4be23f, name=user3, image=https://t3.ftcdn.net/jpg/05/17/79/88/360_F_517798849_WuXhHTpg2djTbfNf0FQAjzFEoluHpnct.jpg, userToken=3, role=null, comments=[], news=[]), UserDTO(userId=e6d9e3f9-13f6-4047-b482-0af0ffa49f0e, name=user1, image=null, userToken=1, role=null, comments=[], news=[]), UserDTO(userId=ea7c46d7-bde9-4601-b9d1-60fb320ee1c0, name=user4, image=https://cdn.pixabay.com/photo/2020/07/01/12/58/icon-5359553_1280.png, userToken=4, role=null, comments=[], news=[]), UserDTO(userId=ee04c4fc-bee4-4903-a4de-2325c65a62e9, name=user3, image=https://t3.ftcdn.net/jpg/05/17/79/88/360_F_517798849_WuXhHTpg2djTbfNf0FQAjzFEoluHpnct.jpg, userToken=3, role=null, comments=[], news=[]), UserDTO(userId=ee7cae5a-b56a-4419-a835-e92b6702dc27, name=user2, image=https://upload.wikimedia.org/wikipedia/commons/thumb/1/12/User_icon_2.svg/800px-User_icon_2.svg.png, userToken=2, role=null, comments=[], news=[]), UserDTO(userId=f2606908-dac3-4f7c-b75e-cd33f686686f, name=user4, image=https://cdn.pixabay.com/photo/2020/07/01/12/58/icon-5359553_1280.png, userToken=4, role=null, comments=[], news=[]), UserDTO(userId=f55c698b-ba7e-4d6a-a481-54088d78b4a2, name=user1, image=null, userToken=1, role=null, comments=[], news=[]), UserDTO(userId=f9cc2080-18c9-45b5-9750-aafd4f4a5945, name=user1, image=null, userToken=1, role=null, comments=[], news=[]), UserDTO(userId=febdb905-4d3e-4afe-ba1b-520545fee0f3, name=user2, image=https://upload.wikimedia.org/wikipedia/commons/thumb/1/12/User_icon_2.svg/800px-User_icon_2.svg.png, userToken=2, role=null, comments=[], news=[])]
]]></system-out>
  </testcase>
  <testcase name="getUserById" classname="com.example.Easy.Services.UserServiceTest" time="0.143">
    <system-out><![CDATA[UserDTO(userId=01b79238-72c9-41fd-a93e-0d1323699ed9, name=user3, image=https://t3.ftcdn.net/jpg/05/17/79/88/360_F_517798849_WuXhHTpg2djTbfNf0FQAjzFEoluHpnct.jpg, userToken=3, role=null, comments=[], news=[com.example.Easy.Entities.NewsEntity@5cfb4b71, com.example.Easy.Entities.NewsEntity@7cb7ca06, com.example.Easy.Entities.NewsEntity@60adea01, com.example.Easy.Entities.NewsEntity@2295535f, com.example.Easy.Entities.NewsEntity@177d7e98, com.example.Easy.Entities.NewsEntity@7d3d89fb, com.example.Easy.Entities.NewsEntity@62b71cfa, com.example.Easy.Entities.NewsEntity@5757ef9b, com.example.Easy.Entities.NewsEntity@2d0f850, com.example.Easy.Entities.NewsEntity@a6017f9, com.example.Easy.Entities.NewsEntity@4dd4a4e, com.example.Easy.Entities.NewsEntity@7469d13a, com.example.Easy.Entities.NewsEntity@4a907e5a, com.example.Easy.Entities.NewsEntity@6818c0a6, com.example.Easy.Entities.NewsEntity@b15da69, com.example.Easy.Entities.NewsEntity@6679a082, com.example.Easy.Entities.NewsEntity@71e064b2, com.example.Easy.Entities.NewsEntity@40406a3f])
]]></system-out>
  </testcase>
</testsuite>