<?xml version="1.0" encoding="UTF-8"?>
<testsuite xmlns:xsi="http://www.w3.org/2001/XMLSchema-instance" xsi:noNamespaceSchemaLocation="https://maven.apache.org/surefire/maven-surefire-plugin/xsd/surefire-test-report-3.0.xsd" version="3.0" name="com.example.Easy.Services.DeviceServiceTest" time="0.346" tests="4" errors="0" skipped="0" failures="0">
  <properties>
[...]
</properties>
  <testcase name="bootstrap" classname="com.example.Easy.Services.DeviceServiceTest" time="0.127">
    <system-out><![CDATA[2023-08-29T18:16:45.628+03:00  INFO 12388 --- [           main] t.c.s.AnnotationConfigContextLoaderUtils : Could not detect default configuration classes for test class [com.example.Easy.Services.DeviceServiceTest]: DeviceServiceTest does not declare any static, non-private, non-final, nested classes annotated with @Configuration.
2023-08-29T18:16:45.642+03:00  INFO 12388 --- [           main] .b.t.c.SpringBootTestContextBootstrapper : Found @SpringBootConfiguration com.example.Easy.EasyApplication for test class com.example.Easy.Services.DeviceServiceTest
]]></system-out>
  </testcase>
  <testcase name="patchTest" classname="com.example.Easy.Services.DeviceServiceTest" time="0.056"/>
  <testcase name="getAlldevice" classname="com.example.Easy.Services.DeviceServiceTest" time="0.122">
    <system-out><![CDATA[[com.example.Easy.Entities.DeviceEntity@468dbd07, com.example.Easy.Entities.DeviceEntity@6f13ed1, com.example.Easy.Entities.DeviceEntity@44aaa987, com.example.Easy.Entities.DeviceEntity@23e0b938, com.example.Easy.Entities.DeviceEntity@7053b64b, com.example.Easy.Entities.DeviceEntity@7f5b0926, com.example.Easy.Entities.DeviceEntity@6eac71db, com.example.Easy.Entities.DeviceEntity@48a32c4f, com.example.Easy.Entities.DeviceEntity@25af2afe, com.example.Easy.Entities.DeviceEntity@21a1554, com.example.Easy.Entities.DeviceEntity@f359e65, com.example.Easy.Entities.DeviceEntity@5ea50a98, com.example.Easy.Entities.DeviceEntity@2812368, com.example.Easy.Entities.DeviceEntity@50e336d9, com.example.Easy.Entities.DeviceEntity@73864c16, com.example.Easy.Entities.DeviceEntity@5016934, com.example.Easy.Entities.DeviceEntity@e10809f, com.example.Easy.Entities.DeviceEntity@470c2a7a, com.example.Easy.Entities.DeviceEntity@62b3871, com.example.Easy.Entities.DeviceEntity@8eda949, com.example.Easy.Entities.DeviceEntity@273c4b3, com.example.Easy.Entities.DeviceEntity@240a717d, com.example.Easy.Entities.DeviceEntity@7b3d3d3d, com.example.Easy.Entities.DeviceEntity@1eff74f2, com.example.Easy.Entities.DeviceEntity@2b57dc2, com.example.Easy.Entities.DeviceEntity@75c36570, com.example.Easy.Entities.DeviceEntity@67857a20, com.example.Easy.Entities.DeviceEntity@238cac6, com.example.Easy.Entities.DeviceEntity@2bcaec2e, com.example.Easy.Entities.DeviceEntity@45cce4c2, com.example.Easy.Entities.DeviceEntity@9d4d221, com.example.Easy.Entities.DeviceEntity@4dfe5727, com.example.Easy.Entities.DeviceEntity@3129792a, com.example.Easy.Entities.DeviceEntity@13617139, com.example.Easy.Entities.DeviceEntity@3c0becae, com.example.Easy.Entities.DeviceEntity@373c367, com.example.Easy.Entities.DeviceEntity@79690a0a, com.example.Easy.Entities.DeviceEntity@619944a7, com.example.Easy.Entities.DeviceEntity@294aaa6, com.example.Easy.Entities.DeviceEntity@1f612968, com.example.Easy.Entities.DeviceEntity@2ee949d4, com.example.Easy.Entities.DeviceEntity@57e9cd2, com.example.Easy.Entities.DeviceEntity@2298d741, com.example.Easy.Entities.DeviceEntity@34a48013, com.example.Easy.Entities.DeviceEntity@50e7d8ba, com.example.Easy.Entities.DeviceEntity@210e4678, com.example.Easy.Entities.DeviceEntity@4548bfc7, com.example.Easy.Entities.DeviceEntity@557c0b65, com.example.Easy.Entities.DeviceEntity@3b303b78, com.example.Easy.Entities.DeviceEntity@685e97e0, com.example.Easy.Entities.DeviceEntity@68e8bbab, com.example.Easy.Entities.DeviceEntity@5dfaa2f0, com.example.Easy.Entities.DeviceEntity@672ba9cc, com.example.Easy.Entities.DeviceEntity@7bd6c35e, com.example.Easy.Entities.DeviceEntity@564e0a6c, com.example.Easy.Entities.DeviceEntity@5eabcf77, com.example.Easy.Entities.DeviceEntity@647468a7, com.example.Easy.Entities.DeviceEntity@29f58b44, com.example.Easy.Entities.DeviceEntity@fcee97c, com.example.Easy.Entities.DeviceEntity@f1e5f85, com.example.Easy.Entities.DeviceEntity@48682f91, com.example.Easy.Entities.DeviceEntity@4dc23273, com.example.Easy.Entities.DeviceEntity@35bfa7be]
]]></system-out>
  </testcase>
  <testcase name="addNewDeviceTest" classname="com.example.Easy.Services.DeviceServiceTest" time="0.008"/>
</testsuite>